<?xml version="1.0" encoding="UTF-8"?>
<!-- Generated by org.testng.reporters.JUnitXMLReporter -->
<testsuite ignored="0" hostname="ManikyaSrinivas" failures="1" tests="1" name="Linux-Chrome" time="1.459" errors="0" timestamp="2024-12-06T13:35:43 PST">
  <testcase classname="testCases.TC002_LoginTest" name="verify_login" time="0.058">
    <failure type="java.lang.AssertionError" message="null">
      <![CDATA[java.lang.AssertionError: null
at testCases.TC002_LoginTest.verify_login(TC002_LoginTest.java:37)
at java.base/java.util.ArrayList.forEach(ArrayList.java:1596)
... Removed 27 stack frames]]>
    </failure>
  </testcase> <!-- verify_login -->
</testsuite> <!-- Linux-Chrome -->
